<?xml version="1.0" encoding="UTF-8"?>
<!-- Generated by org.testng.reporters.JUnitReportReporter -->
<testsuite hostname="Kshitijs-MacBook-Pro.local" failures="0" tests="1" name="testPackage.LocatorsTest" time="7.785" errors="0" timestamp="2023-08-25T21:45:42 IST" skipped="0">
  <testcase classname="testPackage.LocatorsTest" name="f" time="7.785"/>
</testsuite> <!-- testPackage.LocatorsTest -->
