<?xml version="1.0" encoding="UTF-8"?>
<!-- Generated by org.testng.reporters.JUnitReportReporter -->
<testsuite hostname="Kshitijs-MacBook-Pro.local" failures="0" tests="1" name="testPackage.AmazonTest" time="10.457" errors="0" timestamp="2023-07-31T12:03:16 IST" skipped="0">
  <testcase classname="testPackage.AmazonTest" name="f" time="10.457"/>
</testsuite> <!-- testPackage.AmazonTest -->
