<?xml version="1.0" encoding="UTF-8"?>
<!-- Generated by org.testng.reporters.JUnitReportReporter -->
<testsuite hostname="Kshitijs-MacBook-Pro.local" failures="0" tests="1" name="testPackage.FramesTest" time="7.361" errors="0" timestamp="2023-08-25T20:56:57 IST" skipped="0">
  <testcase classname="testPackage.FramesTest" name="f" time="7.361"/>
</testsuite> <!-- testPackage.FramesTest -->
