<?xml version="1.0" encoding="UTF-8"?>
<!-- Generated by org.testng.reporters.JUnitReportReporter -->
<testsuite hostname="Kshitijs-MacBook-Pro.local" failures="0" tests="1" name="testPackage.AddToCartTest" time="8.694" errors="0" timestamp="2023-08-25T20:51:01 IST" skipped="0">
  <testcase classname="testPackage.AddToCartTest" name="f" time="8.694"/>
</testsuite> <!-- testPackage.AddToCartTest -->
