<?xml version="1.0" encoding="UTF-8"?>
<!-- Generated by org.testng.reporters.JUnitReportReporter -->
<testsuite hostname="Kshitijs-MacBook-Pro.local" failures="0" tests="1" name="testPackage.ReadJsonFileTest" time="0.007" errors="0" timestamp="2023-08-26T23:37:15 IST" skipped="0">
  <testcase classname="testPackage.ReadJsonFileTest" name="jsonReading" time="0.007"/>
</testsuite> <!-- testPackage.ReadJsonFileTest -->
