<?xml version="1.0" encoding="UTF-8"?>
<!-- Generated by org.testng.reporters.JUnitReportReporter -->
<testsuite hostname="Kshitijs-MacBook-Pro.local" failures="0" tests="1" name="testPackage.Compare" time="0.009" errors="0" timestamp="2023-08-25T20:53:17 IST" skipped="0">
  <testcase classname="testPackage.Compare" name="compare" time="0.009"/>
</testsuite> <!-- testPackage.Compare -->
