<?xml version="1.0" encoding="UTF-8"?>
<!-- Generated by org.testng.reporters.JUnitReportReporter -->
<testsuite hostname="Kshitijs-MacBook-Pro-2.local" failures="0" tests="1" name="testPackage.Compare" time="0.008" errors="0" timestamp="2023-07-13T11:39:54 IST" skipped="0">
  <testcase classname="testPackage.Compare" name="compare" time="0.008"/>
</testsuite> <!-- testPackage.Compare -->
