<?xml version="1.0" encoding="UTF-8"?>
<!-- Generated by org.testng.reporters.JUnitReportReporter -->
<testsuite hostname="Kshitijs-MacBook-Pro-2.local" failures="0" tests="1" name="testPackage.TestNGTest" time="6.254" errors="0" timestamp="2023-07-11T12:36:56 IST" skipped="0">
  <testcase classname="testPackage.TestNGTest" name="f" time="6.254"/>
</testsuite> <!-- testPackage.TestNGTest -->
